0 info it worked if it ends with ok
1 verbose cli [ 'C:\\Program Files\\nodejs\\node.exe',
1 verbose cli   'C:\\Program Files\\nodejs\\node_modules\\npm\\bin\\npm-cli.js',
1 verbose cli   'run',
1 verbose cli   'lite' ]
2 info using npm@3.10.10
3 info using node@v6.9.5
4 verbose run-script [ 'prelite', 'lite', 'postlite' ]
5 info lifecycle tictactoe@1.0.0~prelite: tictactoe@1.0.0
6 silly lifecycle tictactoe@1.0.0~prelite: no script for prelite, continuing
7 info lifecycle tictactoe@1.0.0~lite: tictactoe@1.0.0
8 verbose lifecycle tictactoe@1.0.0~lite: unsafe-perm in lifecycle true
9 verbose lifecycle tictactoe@1.0.0~lite: PATH: C:\Program Files\nodejs\node_modules\npm\bin\node-gyp-bin;C:\Users\krish\Desktop\tictactoe\public\node_modules\.bin;C:\ProgramData\Oracle\Java\javapath;C:\Program Files (x86)\Intel\iCLS Client\;C:\Program Files\Intel\iCLS Client\;C:\Windows\system32;C:\Windows;C:\Windows\System32\Wbem;C:\Windows\System32\WindowsPowerShell\v1.0\;C:\Program Files (x86)\Intel\Intel(R) Management Engine Components\DAL;C:\Program Files\Intel\Intel(R) Management Engine Components\DAL;C:\Program Files (x86)\Intel\Intel(R) Management Engine Components\IPT;C:\Program Files\Intel\Intel(R) Management Engine Components\IPT;C:\Program Files (x86)\NVIDIA Corporation\PhysX\Common;C:\WINDOWS\system32;C:\WINDOWS;C:\WINDOWS\System32\Wbem;C:\WINDOWS\System32\WindowsPowerShell\v1.0\;C:\Program Files (x86)\Skype\Phone\;GRADLE_HOME\bin;C:\Program Files\gradle-2.12\bin;C:\Program Files\MongoDB\Server\3.2\bin;C:\Program Files\Java\jdk1.8.0_77\bin;C:\Program Files (x86)\mingw-w64\i686-5.3.0-posix-dwarf-rt_v4-rev0\mingw32\bin;C:\Program Files\elasticsearch-2.3.2\bin;C:\Program Files\kibana-4.5.0-windows\bin;C:\Users\krish\AppData\Roaming\Microsoft\Windows\Start Menu\Programs\;C:\Program Files (x86)\GtkSharp\2.12\bin;C:\Program Files\nodejs\;C:\Program Files\Intel\WiFi\bin\;C:\Program Files\Common Files\Intel\WirelessCommon\;D:\Anaconda;D:\Anaconda\Scripts;D:\Anaconda\Library\bin;;C:\Program Files\Docker Toolbox;C:\Program Files (x86)\Nmap;C:\Users\krish\AppData\Local\Microsoft\WindowsApps;C:\Users\krish\AppData\Roaming\npm;C:\Program Files\Heroku\bin;C:\texlive\2016\bin\win32
10 verbose lifecycle tictactoe@1.0.0~lite: CWD: C:\Users\krish\Desktop\tictactoe\public
11 silly lifecycle tictactoe@1.0.0~lite: Args: [ '/d /s /c', 'lite-server -port 10001' ]
12 silly lifecycle tictactoe@1.0.0~lite: Returned: code: 3221225786  signal: null
13 info lifecycle tictactoe@1.0.0~lite: Failed to exec lite script
14 verbose stack Error: tictactoe@1.0.0 lite: `lite-server -port 10001`
14 verbose stack Exit status 3221225786
14 verbose stack     at EventEmitter.<anonymous> (C:\Program Files\nodejs\node_modules\npm\lib\utils\lifecycle.js:255:16)
14 verbose stack     at emitTwo (events.js:106:13)
14 verbose stack     at EventEmitter.emit (events.js:191:7)
14 verbose stack     at ChildProcess.<anonymous> (C:\Program Files\nodejs\node_modules\npm\lib\utils\spawn.js:40:14)
14 verbose stack     at emitTwo (events.js:106:13)
14 verbose stack     at ChildProcess.emit (events.js:191:7)
14 verbose stack     at maybeClose (internal/child_process.js:877:16)
14 verbose stack     at Process.ChildProcess._handle.onexit (internal/child_process.js:226:5)
15 verbose pkgid tictactoe@1.0.0
16 verbose cwd C:\Users\krish\Desktop\tictactoe\public
17 error Windows_NT 10.0.14393
18 error argv "C:\\Program Files\\nodejs\\node.exe" "C:\\Program Files\\nodejs\\node_modules\\npm\\bin\\npm-cli.js" "run" "lite"
19 error node v6.9.5
20 error npm  v3.10.10
21 error code ELIFECYCLE
22 error tictactoe@1.0.0 lite: `lite-server -port 10001`
22 error Exit status 3221225786
23 error Failed at the tictactoe@1.0.0 lite script 'lite-server -port 10001'.
23 error Make sure you have the latest version of node.js and npm installed.
23 error If you do, this is most likely a problem with the tictactoe package,
23 error not with npm itself.
23 error Tell the author that this fails on your system:
23 error     lite-server -port 10001
23 error You can get information on how to open an issue for this project with:
23 error     npm bugs tictactoe
23 error Or if that isn't available, you can get their info via:
23 error     npm owner ls tictactoe
23 error There is likely additional logging output above.
24 verbose exit [ 1, true ]
